{"total": {"lines":{"total":253,"covered":228,"skipped":0,"pct":90.11},"statements":{"total":260,"covered":235,"skipped":0,"pct":90.38},"functions":{"total":42,"covered":37,"skipped":0,"pct":88.09},"branches":{"total":98,"covered":77,"skipped":0,"pct":78.57},"branchesTrue":{"total":0,"covered":0,"skipped":0,"pct":100}}
,"/Users/aleix/code/ai-phone-assistant/src/app.ts": {"lines":{"total":22,"covered":20,"skipped":0,"pct":90.9},"functions":{"total":2,"covered":1,"skipped":0,"pct":50},"statements":{"total":22,"covered":20,"skipped":0,"pct":90.9},"branches":{"total":2,"covered":1,"skipped":0,"pct":50}}
,"/Users/aleix/code/ai-phone-assistant/src/config/environment.ts": {"lines":{"total":11,"covered":11,"skipped":0,"pct":100},"functions":{"total":1,"covered":1,"skipped":0,"pct":100},"statements":{"total":12,"covered":12,"skipped":0,"pct":100},"branches":{"total":26,"covered":15,"skipped":0,"pct":57.69}}
,"/Users/aleix/code/ai-phone-assistant/src/config/index.ts": {"lines":{"total":1,"covered":1,"skipped":0,"pct":100},"functions":{"total":0,"covered":0,"skipped":0,"pct":100},"statements":{"total":1,"covered":1,"skipped":0,"pct":100},"branches":{"total":0,"covered":0,"skipped":0,"pct":100}}
,"/Users/aleix/code/ai-phone-assistant/src/controllers/index.ts": {"lines":{"total":1,"covered":1,"skipped":0,"pct":100},"functions":{"total":0,"covered":0,"skipped":0,"pct":100},"statements":{"total":1,"covered":1,"skipped":0,"pct":100},"branches":{"total":0,"covered":0,"skipped":0,"pct":100}}
,"/Users/aleix/code/ai-phone-assistant/src/controllers/twilio.controller.ts": {"lines":{"total":11,"covered":11,"skipped":0,"pct":100},"functions":{"total":4,"covered":4,"skipped":0,"pct":100},"statements":{"total":11,"covered":11,"skipped":0,"pct":100},"branches":{"total":0,"covered":0,"skipped":0,"pct":100}}
,"/Users/aleix/code/ai-phone-assistant/src/routes/health.routes.ts": {"lines":{"total":5,"covered":5,"skipped":0,"pct":100},"functions":{"total":1,"covered":1,"skipped":0,"pct":100},"statements":{"total":5,"covered":5,"skipped":0,"pct":100},"branches":{"total":0,"covered":0,"skipped":0,"pct":100}}
,"/Users/aleix/code/ai-phone-assistant/src/routes/index.ts": {"lines":{"total":2,"covered":2,"skipped":0,"pct":100},"functions":{"total":2,"covered":2,"skipped":0,"pct":100},"statements":{"total":4,"covered":4,"skipped":0,"pct":100},"branches":{"total":0,"covered":0,"skipped":0,"pct":100}}
,"/Users/aleix/code/ai-phone-assistant/src/routes/twilio.routes.ts": {"lines":{"total":6,"covered":6,"skipped":0,"pct":100},"functions":{"total":0,"covered":0,"skipped":0,"pct":100},"statements":{"total":6,"covered":6,"skipped":0,"pct":100},"branches":{"total":0,"covered":0,"skipped":0,"pct":100}}
,"/Users/aleix/code/ai-phone-assistant/src/services/gpt.service.ts": {"lines":{"total":30,"covered":29,"skipped":0,"pct":96.66},"functions":{"total":5,"covered":5,"skipped":0,"pct":100},"statements":{"total":33,"covered":32,"skipped":0,"pct":96.96},"branches":{"total":18,"covered":13,"skipped":0,"pct":72.22}}
,"/Users/aleix/code/ai-phone-assistant/src/services/index.ts": {"lines":{"total":3,"covered":3,"skipped":0,"pct":100},"functions":{"total":0,"covered":0,"skipped":0,"pct":100},"statements":{"total":3,"covered":3,"skipped":0,"pct":100},"branches":{"total":0,"covered":0,"skipped":0,"pct":100}}
,"/Users/aleix/code/ai-phone-assistant/src/services/stream.service.ts": {"lines":{"total":26,"covered":26,"skipped":0,"pct":100},"functions":{"total":4,"covered":4,"skipped":0,"pct":100},"statements":{"total":26,"covered":26,"skipped":0,"pct":100},"branches":{"total":4,"covered":4,"skipped":0,"pct":100}}
,"/Users/aleix/code/ai-phone-assistant/src/services/text-to-speech.service.ts": {"lines":{"total":27,"covered":24,"skipped":0,"pct":88.88},"functions":{"total":2,"covered":2,"skipped":0,"pct":100},"statements":{"total":27,"covered":24,"skipped":0,"pct":88.88},"branches":{"total":4,"covered":4,"skipped":0,"pct":100}}
,"/Users/aleix/code/ai-phone-assistant/src/services/transcription.service.ts": {"lines":{"total":41,"covered":34,"skipped":0,"pct":82.92},"functions":{"total":9,"covered":6,"skipped":0,"pct":66.66},"statements":{"total":41,"covered":34,"skipped":0,"pct":82.92},"branches":{"total":28,"covered":27,"skipped":0,"pct":96.42}}
,"/Users/aleix/code/ai-phone-assistant/src/services/twilio.service.ts": {"lines":{"total":67,"covered":55,"skipped":0,"pct":82.08},"functions":{"total":12,"covered":11,"skipped":0,"pct":91.66},"statements":{"total":68,"covered":56,"skipped":0,"pct":82.35},"branches":{"total":16,"covered":13,"skipped":0,"pct":81.25}}
}
